2025-10-24 22:48:37 +0000 [MT] Initial pipeline context: <IDEDistributionProcessingPipelineContext: 0xba66dc300; archive(resolved)="<IDEArchive: 0xba6526ed0>", distributionTask(resolved)="2", distributionDestination(resolved)="1", distributionMethod(resolved)="<IDEDistributionMethodDevelopmentSigned: 0xba66e4310>", team(resolved)="<IDEProvisioningBasicTeam: 0xba631bcc0; teamID='M39PXKFX82', teamName='(null)'>">
	Chain (14, self inclusive):
	<IDEDistributionProcessingPipelineContext: 0xba66dc300; archive = "<IDEArchive: 0xba6526ed0>", distributionMethod="<IDEDistributionMethodDevelopmentSigned: 0xba66e4310>", team="<IDEProvisioningBasicTeam: 0xba631bcc0; teamID='M39PXKFX82', teamName='(null)'>">
	<IDEDistributionProcessingPipelineContext: 0xba66dc600; archive = "<IDEArchive: 0xba6526ed0>", distributionMethod="<IDEDistributionMethodDevelopmentSigned: 0xba66e4310>", team="<IDEProvisioningBasicTeam: 0xba631bcc0; teamID='M39PXKFX82', teamName='(null)'>">
	<IDEDistributionContext: 0xba4fc6a80; archive = "<IDEArchive: 0xba6526ed0>", distributionMethod="<IDEDistributionMethodDevelopmentSigned: 0xba66e4310>", team="<IDEProvisioningBasicTeam: 0xba631bcc0; teamID='M39PXKFX82', teamName='(null)'>">
	<IDEDistributionContext: 0xba4fc5900; archive = "<IDEArchive: 0xba6526ed0>", distributionMethod="<IDEDistributionMethodDevelopmentSigned: 0xba66e4310>", team="<IDEProvisioningBasicTeam: 0xba631bcc0; teamID='M39PXKFX82', teamName='(null)'>">
	<IDEDistributionContext: 0xba4fc5680; archive = "<IDEArchive: 0xba6526ed0>", distributionMethod="<IDEDistributionMethodDevelopmentSigned: 0xba66e4310>", team="<IDEProvisioningBasicTeam: 0xba631bcc0; teamID='M39PXKFX82', teamName='(null)'>">
	<IDEDistributionContext: 0xba4fc5400; archive = "<IDEArchive: 0xba6526ed0>", distributionMethod="<IDEDistributionMethodDevelopmentSigned: 0xba66e4310>", team="<IDEProvisioningBasicTeam: 0xba631bcc0; teamID='M39PXKFX82', teamName='(null)'>">
	<IDEDistributionContext: 0xba4fc5180; archive = "<IDEArchive: 0xba6526ed0>", distributionMethod="<IDEDistributionMethodDevelopmentSigned: 0xba66e4310>", team="<IDEProvisioningBasicTeam: 0xba631bcc0; teamID='M39PXKFX82', teamName='(null)'>">
	<IDEDistributionContext: 0xba4fc4f00; archive = "<IDEArchive: 0xba6526ed0>", distributionMethod="<IDEDistributionMethodDevelopmentSigned: 0xba66e4310>", team="<IDEProvisioningBasicTeam: 0xba631bcc0; teamID='M39PXKFX82', teamName='(null)'>">
	<IDEDistributionContext: 0xba4fc4c80; archive = "<IDEArchive: 0xba6526ed0>", distributionMethod="<IDEDistributionMethodDevelopmentSigned: 0xba66e4310>", team="<IDEProvisioningBasicTeam: 0xba631bcc0; teamID='M39PXKFX82', teamName='(null)'>">
	<IDEDistributionContext: 0xba4fc4a00; archive = "<IDEArchive: 0xba6526ed0>", distributionMethod="<IDEDistributionMethodDevelopmentSigned: 0xba66e4310>", team="(null)">
	<IDEDistributionContext: 0xba4fc4780; archive = "<IDEArchive: 0xba6526ed0>", distributionMethod="<IDEDistributionMethodDevelopmentSigned: 0xba66e4310>", team="(null)">
	<IDEDistributionContext: 0xba4fc4500; archive = "<IDEArchive: 0xba6526ed0>", distributionMethod="<IDEDistributionMethodDevelopmentSigned: 0xba66e4310>", team="(null)">
	<IDEDistributionContext: 0xba4fc4280; archive = "<IDEArchive: 0xba6526ed0>", distributionMethod="<IDEDistributionMethodDevelopmentSigned: 0xba66e4310>", team="(null)">
	<IDEDistributionContext: 0x10303a6d0; archive = "<IDEArchive: 0xba6526ed0>", distributionMethod="(null)", team="(null)">
</IDEDistributionProcessingPipelineContext: 0xba66dc300>
2025-10-24 22:48:37 +0000 [MT] Processing step: IDEDistributionCreateDestRootStep
2025-10-24 22:48:37 +0000 [MT] Processing step: IDEDistributionCopyItemStep
2025-10-24 22:48:37 +0000 [MT] Running /usr/bin/ditto '-V' '/Users/christinechen/Developer/LotusPlannerV3/LotusPlannerV3-v2.0.xcarchive/Products/Applications/LotusPlannerV3.app' '/var/folders/yx/lqtn4wz90t9dk8s7wlkrhy0m0000gn/T/XcodeDistPipeline.~~~LaR68w/Root/Payload/LotusPlannerV3.app'
2025-10-24 22:48:37 +0000  >>> Copying /Users/christinechen/Developer/LotusPlannerV3/LotusPlannerV3-v2.0.xcarchive/Products/Applications/LotusPlannerV3.app 
2025-10-24 22:48:37 +0000  copying file ./_CodeSignature/CodeResources ... 
2025-10-24 22:48:37 +0000  26721 bytes for ./_CodeSignature/CodeResources
2025-10-24 22:48:37 +0000  copying file ./GTMSessionFetcher_GTMSessionFetcherCore.bundle/PrivacyInfo.xcprivacy ... 
2025-10-24 22:48:37 +0000  598 bytes for ./GTMSessionFetcher_GTMSessionFetcherCore.bundle/PrivacyInfo.xcprivacy
2025-10-24 22:48:37 +0000  copying file ./GTMSessionFetcher_GTMSessionFetcherCore.bundle/Info.plist ... 
2025-10-24 22:48:37 +0000  726 bytes for ./GTMSessionFetcher_GTMSessionFetcherCore.bundle/Info.plist
2025-10-24 22:48:37 +0000  copying file ./GoogleSignIn_GoogleSignIn.bundle/de.lproj/GoogleSignIn.strings ... 
2025-10-24 22:48:37 +0000  1703 bytes for ./GoogleSignIn_GoogleSignIn.bundle/de.lproj/GoogleSignIn.strings
2025-10-24 22:48:37 +0000  copying file ./GoogleSignIn_GoogleSignIn.bundle/he.lproj/GoogleSignIn.strings ... 
2025-10-24 22:48:37 +0000  1780 bytes for ./GoogleSignIn_GoogleSignIn.bundle/he.lproj/GoogleSignIn.strings
2025-10-24 22:48:37 +0000  copying file ./GoogleSignIn_GoogleSignIn.bundle/ar.lproj/GoogleSignIn.strings ... 
2025-10-24 22:48:37 +0000  1759 bytes for ./GoogleSignIn_GoogleSignIn.bundle/ar.lproj/GoogleSignIn.strings
2025-10-24 22:48:37 +0000  copying file ./GoogleSignIn_GoogleSignIn.bundle/el.lproj/GoogleSignIn.strings ... 
2025-10-24 22:48:37 +0000  2103 bytes for ./GoogleSignIn_GoogleSignIn.bundle/el.lproj/GoogleSignIn.strings
2025-10-24 22:48:37 +0000  copying file ./GoogleSignIn_GoogleSignIn.bundle/ja.lproj/GoogleSignIn.strings ... 
2025-10-24 22:48:37 +0000  1711 bytes for ./GoogleSignIn_GoogleSignIn.bundle/ja.lproj/GoogleSignIn.strings
2025-10-24 22:48:37 +0000  copying file ./GoogleSignIn_GoogleSignIn.bundle/en.lproj/GoogleSignIn.strings ... 
2025-10-24 22:48:37 +0000  1547 bytes for ./GoogleSignIn_GoogleSignIn.bundle/en.lproj/GoogleSignIn.strings
2025-10-24 22:48:37 +0000  copying file ./GoogleSignIn_GoogleSignIn.bundle/uk.lproj/GoogleSignIn.strings ... 
2025-10-24 22:48:37 +0000  1864 bytes for ./GoogleSignIn_GoogleSignIn.bundle/uk.lproj/GoogleSignIn.strings
2025-10-24 22:48:37 +0000  copying file ./GoogleSignIn_GoogleSignIn.bundle/es_MX.lproj/GoogleSignIn.strings ... 
2025-10-24 22:48:37 +0000  1607 bytes for ./GoogleSignIn_GoogleSignIn.bundle/es_MX.lproj/GoogleSignIn.strings
2025-10-24 22:48:37 +0000  copying file ./GoogleSignIn_GoogleSignIn.bundle/zh_CN.lproj/GoogleSignIn.strings ... 
2025-10-24 22:48:37 +0000  1489 bytes for ./GoogleSignIn_GoogleSignIn.bundle/zh_CN.lproj/GoogleSignIn.strings
2025-10-24 22:48:37 +0000  copying file ./GoogleSignIn_GoogleSignIn.bundle/nb.lproj/GoogleSignIn.strings ... 
2025-10-24 22:48:37 +0000  1593 bytes for ./GoogleSignIn_GoogleSignIn.bundle/nb.lproj/GoogleSignIn.strings
2025-10-24 22:48:37 +0000  copying file ./GoogleSignIn_GoogleSignIn.bundle/es.lproj/GoogleSignIn.strings ... 
2025-10-24 22:48:37 +0000  1678 bytes for ./GoogleSignIn_GoogleSignIn.bundle/es.lproj/GoogleSignIn.strings
2025-10-24 22:48:37 +0000  copying file ./GoogleSignIn_GoogleSignIn.bundle/pt_BR.lproj/GoogleSignIn.strings ... 
2025-10-24 22:48:37 +0000  1608 bytes for ./GoogleSignIn_GoogleSignIn.bundle/pt_BR.lproj/GoogleSignIn.strings
2025-10-24 22:48:37 +0000  copying file ./GoogleSignIn_GoogleSignIn.bundle/da.lproj/GoogleSignIn.strings ... 
2025-10-24 22:48:37 +0000  1611 bytes for ./GoogleSignIn_GoogleSignIn.bundle/da.lproj/GoogleSignIn.strings
2025-10-24 22:48:37 +0000  copying file ./GoogleSignIn_GoogleSignIn.bundle/it.lproj/GoogleSignIn.strings ... 
2025-10-24 22:48:37 +0000  1570 bytes for ./GoogleSignIn_GoogleSignIn.bundle/it.lproj/GoogleSignIn.strings
2025-10-24 22:48:37 +0000  copying file ./GoogleSignIn_GoogleSignIn.bundle/sk.lproj/GoogleSignIn.strings ... 
2025-10-24 22:48:37 +0000  1665 bytes for ./GoogleSignIn_GoogleSignIn.bundle/sk.lproj/GoogleSignIn.strings
2025-10-24 22:48:37 +0000  copying file ./GoogleSignIn_GoogleSignIn.bundle/pt_PT.lproj/GoogleSignIn.strings ... 
2025-10-24 22:48:37 +0000  1646 bytes for ./GoogleSignIn_GoogleSignIn.bundle/pt_PT.lproj/GoogleSignIn.strings
2025-10-24 22:48:37 +0000  copying file ./GoogleSignIn_GoogleSignIn.bundle/google@3x.png ... 
2025-10-24 22:48:37 +0000  1622 bytes for ./GoogleSignIn_GoogleSignIn.bundle/google@3x.png
2025-10-24 22:48:37 +0000  copying file ./GoogleSignIn_GoogleSignIn.bundle/ms.lproj/GoogleSignIn.strings ... 
2025-10-24 22:48:37 +0000  1565 bytes for ./GoogleSignIn_GoogleSignIn.bundle/ms.lproj/GoogleSignIn.strings
2025-10-24 22:48:37 +0000  copying file ./GoogleSignIn_GoogleSignIn.bundle/sv.lproj/GoogleSignIn.strings ... 
2025-10-24 22:48:37 +0000  1579 bytes for ./GoogleSignIn_GoogleSignIn.bundle/sv.lproj/GoogleSignIn.strings
2025-10-24 22:48:37 +0000  copying file ./GoogleSignIn_GoogleSignIn.bundle/cs.lproj/GoogleSignIn.strings ... 
2025-10-24 22:48:37 +0000  1615 bytes for ./GoogleSignIn_GoogleSignIn.bundle/cs.lproj/GoogleSignIn.strings
2025-10-24 22:48:37 +0000  copying file ./GoogleSignIn_GoogleSignIn.bundle/google@2x.png ... 
2025-10-24 22:48:37 +0000  987 bytes for ./GoogleSignIn_GoogleSignIn.bundle/google@2x.png
2025-10-24 22:48:37 +0000  copying file ./GoogleSignIn_GoogleSignIn.bundle/ko.lproj/GoogleSignIn.strings ... 
2025-10-24 22:48:37 +0000  1634 bytes for ./GoogleSignIn_GoogleSignIn.bundle/ko.lproj/GoogleSignIn.strings
2025-10-24 22:48:37 +0000  copying file ./GoogleSignIn_GoogleSignIn.bundle/hu.lproj/GoogleSignIn.strings ... 
2025-10-24 22:48:37 +0000  1663 bytes for ./GoogleSignIn_GoogleSignIn.bundle/hu.lproj/GoogleSignIn.strings
2025-10-24 22:48:37 +0000  copying file ./GoogleSignIn_GoogleSignIn.bundle/tr.lproj/GoogleSignIn.strings ... 
2025-10-24 22:48:37 +0000  1596 bytes for ./GoogleSignIn_GoogleSignIn.bundle/tr.lproj/GoogleSignIn.strings
2025-10-24 22:48:37 +0000  copying file ./GoogleSignIn_GoogleSignIn.bundle/pl.lproj/GoogleSignIn.strings ... 
2025-10-24 22:48:37 +0000  1578 bytes for ./GoogleSignIn_GoogleSignIn.bundle/pl.lproj/GoogleSignIn.strings
2025-10-24 22:48:37 +0000  copying file ./GoogleSignIn_GoogleSignIn.bundle/zh_TW.lproj/GoogleSignIn.strings ... 
2025-10-24 22:48:37 +0000  1525 bytes for ./GoogleSignIn_GoogleSignIn.bundle/zh_TW.lproj/GoogleSignIn.strings
2025-10-24 22:48:37 +0000  copying file ./GoogleSignIn_GoogleSignIn.bundle/en_GB.lproj/GoogleSignIn.strings ... 
2025-10-24 22:48:37 +0000  1547 bytes for ./GoogleSignIn_GoogleSignIn.bundle/en_GB.lproj/GoogleSignIn.strings
2025-10-24 22:48:37 +0000  copying file ./GoogleSignIn_GoogleSignIn.bundle/vi.lproj/GoogleSignIn.strings ... 
2025-10-24 22:48:37 +0000  1717 bytes for ./GoogleSignIn_GoogleSignIn.bundle/vi.lproj/GoogleSignIn.strings
2025-10-24 22:48:37 +0000  copying file ./GoogleSignIn_GoogleSignIn.bundle/PrivacyInfo.xcprivacy ... 
2025-10-24 22:48:37 +0000  3756 bytes for ./GoogleSignIn_GoogleSignIn.bundle/PrivacyInfo.xcprivacy
2025-10-24 22:48:37 +0000  copying file ./GoogleSignIn_GoogleSignIn.bundle/ru.lproj/GoogleSignIn.strings ... 
2025-10-24 22:48:37 +0000  1954 bytes for ./GoogleSignIn_GoogleSignIn.bundle/ru.lproj/GoogleSignIn.strings
2025-10-24 22:48:37 +0000  copying file ./GoogleSignIn_GoogleSignIn.bundle/fr_CA.lproj/GoogleSignIn.strings ... 
2025-10-24 22:48:37 +0000  1657 bytes for ./GoogleSignIn_GoogleSignIn.bundle/fr_CA.lproj/GoogleSignIn.strings
2025-10-24 22:48:37 +0000  copying file ./GoogleSignIn_GoogleSignIn.bundle/fr.lproj/GoogleSignIn.strings ... 
2025-10-24 22:48:37 +0000  1676 bytes for ./GoogleSignIn_GoogleSignIn.bundle/fr.lproj/GoogleSignIn.strings
2025-10-24 22:48:37 +0000  copying file ./GoogleSignIn_GoogleSignIn.bundle/fi.lproj/GoogleSignIn.strings ... 
2025-10-24 22:48:37 +0000  1640 bytes for ./GoogleSignIn_GoogleSignIn.bundle/fi.lproj/GoogleSignIn.strings
2025-10-24 22:48:37 +0000  copying file ./GoogleSignIn_GoogleSignIn.bundle/id.lproj/GoogleSignIn.strings ... 
2025-10-24 22:48:37 +0000  1553 bytes for ./GoogleSignIn_GoogleSignIn.bundle/id.lproj/GoogleSignIn.strings
2025-10-24 22:48:37 +0000  copying file ./GoogleSignIn_GoogleSignIn.bundle/nl.lproj/GoogleSignIn.strings ... 
2025-10-24 22:48:37 +0000  1606 bytes for ./GoogleSignIn_GoogleSignIn.bundle/nl.lproj/GoogleSignIn.strings
2025-10-24 22:48:37 +0000  copying file ./GoogleSignIn_GoogleSignIn.bundle/th.lproj/GoogleSignIn.strings ... 
2025-10-24 22:48:37 +0000  2133 bytes for ./GoogleSignIn_GoogleSignIn.bundle/th.lproj/GoogleSignIn.strings
2025-10-24 22:48:37 +0000  copying file ./GoogleSignIn_GoogleSignIn.bundle/pt.lproj/GoogleSignIn.strings ... 
2025-10-24 22:48:37 +0000  1608 bytes for ./GoogleSignIn_GoogleSignIn.bundle/pt.lproj/GoogleSignIn.strings
2025-10-24 22:48:37 +0000  copying file ./GoogleSignIn_GoogleSignIn.bundle/google.png ... 
2025-10-24 22:48:37 +0000  572 bytes for ./GoogleSignIn_GoogleSignIn.bundle/google.png
2025-10-24 22:48:37 +0000  copying file ./GoogleSignIn_GoogleSignIn.bundle/Roboto-Bold.ttf ... 
2025-10-24 22:48:37 +0000  127744 bytes for ./GoogleSignIn_GoogleSignIn.bundle/Roboto-Bold.ttf
2025-10-24 22:48:37 +0000  copying file ./GoogleSignIn_GoogleSignIn.bundle/ro.lproj/GoogleSignIn.strings ... 
2025-10-24 22:48:37 +0000  1598 bytes for ./GoogleSignIn_GoogleSignIn.bundle/ro.lproj/GoogleSignIn.strings
2025-10-24 22:48:37 +0000  copying file ./GoogleSignIn_GoogleSignIn.bundle/Info.plist ... 
2025-10-24 22:48:37 +0000  700 bytes for ./GoogleSignIn_GoogleSignIn.bundle/Info.plist
2025-10-24 22:48:37 +0000  copying file ./GoogleSignIn_GoogleSignIn.bundle/hr.lproj/GoogleSignIn.strings ... 
2025-10-24 22:48:37 +0000  1621 bytes for ./GoogleSignIn_GoogleSignIn.bundle/hr.lproj/GoogleSignIn.strings
2025-10-24 22:48:37 +0000  copying file ./GoogleSignIn_GoogleSignIn.bundle/hi.lproj/GoogleSignIn.strings ... 
2025-10-24 22:48:37 +0000  2286 bytes for ./GoogleSignIn_GoogleSignIn.bundle/hi.lproj/GoogleSignIn.strings
2025-10-24 22:48:37 +0000  copying file ./GoogleSignIn_GoogleSignIn.bundle/ca.lproj/GoogleSignIn.strings ... 
2025-10-24 22:48:37 +0000  1669 bytes for ./GoogleSignIn_GoogleSignIn.bundle/ca.lproj/GoogleSignIn.strings
2025-10-24 22:48:37 +0000  copying file ./LotusPlannerV3 ... 
2025-10-24 22:48:37 +0000  4559648 bytes for ./LotusPlannerV3
2025-10-24 22:48:37 +0000  copying file ./AppIcon60x60@2x.png ... 
2025-10-24 22:48:37 +0000  14521 bytes for ./AppIcon60x60@2x.png
2025-10-24 22:48:37 +0000  copying file ./GoogleService-Info-Template.plist ... 
2025-10-24 22:48:37 +0000  341 bytes for ./GoogleService-Info-Template.plist
2025-10-24 22:48:37 +0000  copying file ./AppAuth_AppAuth.bundle/PrivacyInfo.xcprivacy ... 
2025-10-24 22:48:37 +0000  391 bytes for ./AppAuth_AppAuth.bundle/PrivacyInfo.xcprivacy
2025-10-24 22:48:37 +0000  copying file ./AppAuth_AppAuth.bundle/Info.plist ... 
2025-10-24 22:48:37 +0000  680 bytes for ./AppAuth_AppAuth.bundle/Info.plist
2025-10-24 22:48:37 +0000  copying file ./GoogleUtilities_GoogleUtilities-Logger.bundle/PrivacyInfo.xcprivacy ... 
2025-10-24 22:48:37 +0000  478 bytes for ./GoogleUtilities_GoogleUtilities-Logger.bundle/PrivacyInfo.xcprivacy
2025-10-24 22:48:37 +0000  copying file ./GoogleUtilities_GoogleUtilities-Logger.bundle/Info.plist ... 
2025-10-24 22:48:37 +0000  722 bytes for ./GoogleUtilities_GoogleUtilities-Logger.bundle/Info.plist
2025-10-24 22:48:37 +0000  copying file ./AppAuth_AppAuthCore.bundle/PrivacyInfo.xcprivacy ... 
2025-10-24 22:48:37 +0000  391 bytes for ./AppAuth_AppAuthCore.bundle/PrivacyInfo.xcprivacy
2025-10-24 22:48:37 +0000  copying file ./AppAuth_AppAuthCore.bundle/Info.plist ... 
2025-10-24 22:48:37 +0000  688 bytes for ./AppAuth_AppAuthCore.bundle/Info.plist
2025-10-24 22:48:37 +0000  copying file ./LotusPlannerV3.momd/VersionInfo.plist ... 
2025-10-24 22:48:37 +0000  700 bytes for ./LotusPlannerV3.momd/VersionInfo.plist
2025-10-24 22:48:37 +0000  copying file ./LotusPlannerV3.momd/LotusPlannerV3.mom ... 
2025-10-24 22:48:37 +0000  7754 bytes for ./LotusPlannerV3.momd/LotusPlannerV3.mom
2025-10-24 22:48:37 +0000  copying file ./LotusPlannerV3.momd/LotusPlannerV3.omo ... 
2025-10-24 22:48:37 +0000  17128 bytes for ./LotusPlannerV3.momd/LotusPlannerV3.omo
2025-10-24 22:48:37 +0000  copying file ./Promises_FBLPromises.bundle/PrivacyInfo.xcprivacy ... 
2025-10-24 22:48:37 +0000  373 bytes for ./Promises_FBLPromises.bundle/PrivacyInfo.xcprivacy
2025-10-24 22:48:37 +0000  copying file ./Promises_FBLPromises.bundle/Info.plist ... 
2025-10-24 22:48:37 +0000  686 bytes for ./Promises_FBLPromises.bundle/Info.plist
2025-10-24 22:48:37 +0000  copying file ./Assets.car ... 
2025-10-24 22:48:37 +0000  7256392 bytes for ./Assets.car
2025-10-24 22:48:37 +0000  copying file ./AppIcon76x76@2x~ipad.png ... 
2025-10-24 22:48:37 +0000  21235 bytes for ./AppIcon76x76@2x~ipad.png
2025-10-24 22:48:37 +0000  copying file ./GoogleUtilities_GoogleUtilities-UserDefaults.bundle/PrivacyInfo.xcprivacy ... 
2025-10-24 22:48:37 +0000  911 bytes for ./GoogleUtilities_GoogleUtilities-UserDefaults.bundle/PrivacyInfo.xcprivacy
2025-10-24 22:48:37 +0000  copying file ./GoogleUtilities_GoogleUtilities-UserDefaults.bundle/Info.plist ... 
2025-10-24 22:48:37 +0000  734 bytes for ./GoogleUtilities_GoogleUtilities-UserDefaults.bundle/Info.plist
2025-10-24 22:48:37 +0000  copying file ./GoogleUtilities_GoogleUtilities-Environment.bundle/PrivacyInfo.xcprivacy ... 
2025-10-24 22:48:37 +0000  855 bytes for ./GoogleUtilities_GoogleUtilities-Environment.bundle/PrivacyInfo.xcprivacy
2025-10-24 22:48:37 +0000  copying file ./GoogleUtilities_GoogleUtilities-Environment.bundle/Info.plist ... 
2025-10-24 22:48:37 +0000  732 bytes for ./GoogleUtilities_GoogleUtilities-Environment.bundle/Info.plist
2025-10-24 22:48:37 +0000  copying file ./embedded.mobileprovision ... 
2025-10-24 22:48:37 +0000  16819 bytes for ./embedded.mobileprovision
2025-10-24 22:48:37 +0000  copying file ./Info.plist ... 
2025-10-24 22:48:37 +0000  2168 bytes for ./Info.plist
2025-10-24 22:48:37 +0000  copying file ./GTMAppAuth_GTMAppAuth.bundle/PrivacyInfo.xcprivacy ... 
2025-10-24 22:48:37 +0000  373 bytes for ./GTMAppAuth_GTMAppAuth.bundle/PrivacyInfo.xcprivacy
2025-10-24 22:48:37 +0000  copying file ./GTMAppAuth_GTMAppAuth.bundle/Info.plist ... 
2025-10-24 22:48:37 +0000  688 bytes for ./GTMAppAuth_GTMAppAuth.bundle/Info.plist
2025-10-24 22:48:37 +0000  copying file ./PkgInfo ... 
2025-10-24 22:48:37 +0000  8 bytes for ./PkgInfo
2025-10-24 22:48:37 +0000  copying file ./GoogleSignIn_GoogleSignInSwift.bundle/PrivacyInfo.xcprivacy ... 
2025-10-24 22:48:37 +0000  373 bytes for ./GoogleSignIn_GoogleSignInSwift.bundle/PrivacyInfo.xcprivacy
2025-10-24 22:48:37 +0000  copying file ./GoogleSignIn_GoogleSignInSwift.bundle/Info.plist ... 
2025-10-24 22:48:37 +0000  710 bytes for ./GoogleSignIn_GoogleSignInSwift.bundle/Info.plist
2025-10-24 22:48:37 +0000 [MT] /usr/bin/ditto exited with 0
2025-10-24 22:48:37 +0000 [MT] Processing step: IDEDistributionEmbedProfileStep
2025-10-24 22:48:37 +0000 [MT] Processing step: IDEDistributionInfoPlistStep
2025-10-24 22:48:37 +0000 [MT] Skipping step: IDEDistributionInfoPlistStep because it said so
2025-10-24 22:48:37 +0000 [MT] Processing step: IDEDistributionAppThinningPlistStep
2025-10-24 22:48:37 +0000 [MT] Skipping step: IDEDistributionAppThinningPlistStep because it said so
2025-10-24 22:48:37 +0000 [MT] Processing step: IDEDistributionSymbolsStep
2025-10-24 22:48:37 +0000 [MT] Skipping step: IDEDistributionSymbolsStep because it said so
2025-10-24 22:48:37 +0000 [MT] Processing step: IDEDistributionAppThinningStep
2025-10-24 22:48:37 +0000 [MT] Skipping step: IDEDistributionAppThinningStep because it said so
2025-10-24 22:48:37 +0000 [MT] Processing step: IDEDistributionArchThinningStep
2025-10-24 22:48:37 +0000 [MT] Archs to thin for item /Users/christinechen/Developer/LotusPlannerV3/LotusPlannerV3-v2.0.xcarchive/Products/Applications/LotusPlannerV3.app are []
2025-10-24 22:48:37 +0000 [MT] Processing step: IDEDistributionODRStep
2025-10-24 22:48:37 +0000 [MT] Processing step: IDEDistributionStripXattrsStep
2025-10-24 22:48:37 +0000 [MT] Skipping stripping extended attributes because the codesign step will strip them.
2025-10-24 22:48:37 +0000 [MT] Processing step: IDEDistributionCodesignStep
2025-10-24 22:48:37 +0000 [MT] Entitlements for <IDEDistributionItem: 0xba4b15bc0; bundleID='com.chenchungwan.LotusPlannerV3', path='<DVTFilePath:0xba6526f40:'/Users/christinechen/Developer/LotusPlannerV3/LotusPlannerV3-v2.0.xcarchive/Products/Applications/LotusPlannerV3.app'>', codeSigningInfo='<_DVTCodeSigningInformation_Path: 0xba4b15a40; isSigned='1', isAdHocSigned='0', signingCertificate='<DVTSigningCertificate: 0xba6664300; name='Apple Development: Christine Chen (5XDCM8B85F)', hash='C9C20D8191C195247AE134F2BF7A4999F98E65EA', serialNumber='6808C43D68AF5CD03518CBFDDD733C8C', certificateKinds='(
    "1.2.840.113635.100.6.1.12",
    "1.2.840.113635.100.6.1.2"
), issueDate='2025-06-16 18:42:03 +0000''>', entitlements='{
    "application-identifier" = "M39PXKFX82.com.chenchungwan.LotusPlannerV3";
    "com.apple.developer.icloud-container-identifiers" =     (
        "iCloud.com.chenchungwan.LotusPlannerV3"
    );
    "com.apple.developer.icloud-services" =     (
        CloudKit,
        CloudDocuments
    );
    "com.apple.developer.team-identifier" = M39PXKFX82;
    "com.apple.developer.ubiquity-container-identifiers" =     (
        "iCloud.com.chenchungwan.LotusPlannerV3"
    );
    "com.apple.developer.ubiquity-kvstore-identifier" = "M39PXKFX82.com.chenchungwan.LotusPlannerV3";
    "get-task-allow" = 1;
}', teamID='M39PXKFX82', identifier='com.chenchungwan.LotusPlannerV3', executablePath='<DVTFilePath:0xba44609c0:'/Users/christinechen/Developer/LotusPlannerV3/LotusPlannerV3-v2.0.xcarchive/Products/Applications/LotusPlannerV3.app/LotusPlannerV3'>', hardenedRuntime='0'>'>: {
    "application-identifier" = "M39PXKFX82.com.chenchungwan.LotusPlannerV3";
    "com.apple.developer.icloud-container-environment" = Development;
    "com.apple.developer.icloud-container-identifiers" =     (
        "iCloud.com.chenchungwan.LotusPlannerV3"
    );
    "com.apple.developer.icloud-services" =     (
        CloudKit,
        CloudDocuments
    );
    "com.apple.developer.team-identifier" = M39PXKFX82;
    "com.apple.developer.ubiquity-container-identifiers" =     (
        "iCloud.com.chenchungwan.LotusPlannerV3"
    );
    "com.apple.developer.ubiquity-kvstore-identifier" = "M39PXKFX82.com.chenchungwan.LotusPlannerV3";
    "get-task-allow" = 1;
}
2025-10-24 22:48:37 +0000 [MT] Associated App Clip Identifiers Filter: Skipping because "com.apple.developer.associated-appclip-app-identifiers" is not present
2025-10-24 22:48:37 +0000 [MT] Entitlements for <IDEDistributionItem: 0xba4b15bc0; bundleID='com.chenchungwan.LotusPlannerV3', path='<DVTFilePath:0xba6526f40:'/Users/christinechen/Developer/LotusPlannerV3/LotusPlannerV3-v2.0.xcarchive/Products/Applications/LotusPlannerV3.app'>', codeSigningInfo='<_DVTCodeSigningInformation_Path: 0xba4b15a40; isSigned='1', isAdHocSigned='0', signingCertificate='<DVTSigningCertificate: 0xba6664240; name='Apple Development: Christine Chen (5XDCM8B85F)', hash='C9C20D8191C195247AE134F2BF7A4999F98E65EA', serialNumber='6808C43D68AF5CD03518CBFDDD733C8C', certificateKinds='(
    "1.2.840.113635.100.6.1.12",
    "1.2.840.113635.100.6.1.2"
), issueDate='2025-06-16 18:42:03 +0000''>', entitlements='{
    "application-identifier" = "M39PXKFX82.com.chenchungwan.LotusPlannerV3";
    "com.apple.developer.icloud-container-identifiers" =     (
        "iCloud.com.chenchungwan.LotusPlannerV3"
    );
    "com.apple.developer.icloud-services" =     (
        CloudKit,
        CloudDocuments
    );
    "com.apple.developer.team-identifier" = M39PXKFX82;
    "com.apple.developer.ubiquity-container-identifiers" =     (
        "iCloud.com.chenchungwan.LotusPlannerV3"
    );
    "com.apple.developer.ubiquity-kvstore-identifier" = "M39PXKFX82.com.chenchungwan.LotusPlannerV3";
    "get-task-allow" = 1;
}', teamID='M39PXKFX82', identifier='com.chenchungwan.LotusPlannerV3', executablePath='<DVTFilePath:0xba44609c0:'/Users/christinechen/Developer/LotusPlannerV3/LotusPlannerV3-v2.0.xcarchive/Products/Applications/LotusPlannerV3.app/LotusPlannerV3'>', hardenedRuntime='0'>'> are: {
    "application-identifier" = "M39PXKFX82.com.chenchungwan.LotusPlannerV3";
    "com.apple.developer.icloud-container-environment" = Development;
    "com.apple.developer.icloud-container-identifiers" =     (
        "iCloud.com.chenchungwan.LotusPlannerV3"
    );
    "com.apple.developer.icloud-services" =     (
        CloudKit,
        CloudDocuments
    );
    "com.apple.developer.team-identifier" = M39PXKFX82;
    "com.apple.developer.ubiquity-container-identifiers" =     (
        "iCloud.com.chenchungwan.LotusPlannerV3"
    );
    "com.apple.developer.ubiquity-kvstore-identifier" = "M39PXKFX82.com.chenchungwan.LotusPlannerV3";
    "get-task-allow" = 1;
}
2025-10-24 22:48:37 +0000 [MT] Writing entitlements for <IDEDistributionItem: 0xba4b15bc0; bundleID='com.chenchungwan.LotusPlannerV3', path='<DVTFilePath:0xba6526f40:'/Users/christinechen/Developer/LotusPlannerV3/LotusPlannerV3-v2.0.xcarchive/Products/Applications/LotusPlannerV3.app'>', codeSigningInfo='<_DVTCodeSigningInformation_Path: 0xba4b15a40; isSigned='1', isAdHocSigned='0', signingCertificate='<DVTSigningCertificate: 0xba6664240; name='Apple Development: Christine Chen (5XDCM8B85F)', hash='C9C20D8191C195247AE134F2BF7A4999F98E65EA', serialNumber='6808C43D68AF5CD03518CBFDDD733C8C', certificateKinds='(
    "1.2.840.113635.100.6.1.12",
    "1.2.840.113635.100.6.1.2"
), issueDate='2025-06-16 18:42:03 +0000''>', entitlements='{
    "application-identifier" = "M39PXKFX82.com.chenchungwan.LotusPlannerV3";
    "com.apple.developer.icloud-container-identifiers" =     (
        "iCloud.com.chenchungwan.LotusPlannerV3"
    );
    "com.apple.developer.icloud-services" =     (
        CloudKit,
        CloudDocuments
    );
    "com.apple.developer.team-identifier" = M39PXKFX82;
    "com.apple.developer.ubiquity-container-identifiers" =     (
        "iCloud.com.chenchungwan.LotusPlannerV3"
    );
    "com.apple.developer.ubiquity-kvstore-identifier" = "M39PXKFX82.com.chenchungwan.LotusPlannerV3";
    "get-task-allow" = 1;
}', teamID='M39PXKFX82', identifier='com.chenchungwan.LotusPlannerV3', executablePath='<DVTFilePath:0xba44609c0:'/Users/christinechen/Developer/LotusPlannerV3/LotusPlannerV3-v2.0.xcarchive/Products/Applications/LotusPlannerV3.app/LotusPlannerV3'>', hardenedRuntime='0'>'> to: /var/folders/yx/lqtn4wz90t9dk8s7wlkrhy0m0000gn/T/XcodeDistPipeline.~~~LaR68w/entitlements~~~KgyOpn
2025-10-24 22:48:37 +0000 [MT] invoking codesign: <NSConcreteTask: 0xba3c8c5f0; launchPath='/usr/bin/codesign', arguments='(
    "-f",
    "-s",
    C9C20D8191C195247AE134F2BF7A4999F98E65EA,
    "--entitlements",
    "/var/folders/yx/lqtn4wz90t9dk8s7wlkrhy0m0000gn/T/XcodeDistPipeline.~~~LaR68w/entitlements~~~KgyOpn",
    "--preserve-metadata=identifier,flags,runtime,launch-constraints,library-constraints",
    "--generate-entitlement-der",
    "--strip-disallowed-xattrs",
    "-vvv",
    "/var/folders/yx/lqtn4wz90t9dk8s7wlkrhy0m0000gn/T/XcodeDistPipeline.~~~LaR68w/Root/Payload/LotusPlannerV3.app"
)'>
2025-10-24 22:48:37 +0000 [MT] codesign output: /var/folders/yx/lqtn4wz90t9dk8s7wlkrhy0m0000gn/T/XcodeDistPipeline.~~~LaR68w/Root/Payload/LotusPlannerV3.app: replacing existing signature
/var/folders/yx/lqtn4wz90t9dk8s7wlkrhy0m0000gn/T/XcodeDistPipeline.~~~LaR68w/Root/Payload/LotusPlannerV3.app: signed app bundle with Mach-O thin (arm64) [com.chenchungwan.LotusPlannerV3]
2025-10-24 22:48:37 +0000 [MT] Processing step: IDEDistributionZipODRItemStep
2025-10-24 22:48:37 +0000 [MT] Skipping step: IDEDistributionZipODRItemStep because it said so
2025-10-24 22:48:37 +0000 [MT] Processing step: IDEDistributionCreateIPAStep
2025-10-24 22:48:37 +0000 [MT] Running /usr/bin/ditto '-V' '-c' '-k' '--norsrc' '/var/folders/yx/lqtn4wz90t9dk8s7wlkrhy0m0000gn/T/XcodeDistPipeline.~~~LaR68w/Root' '/var/folders/yx/lqtn4wz90t9dk8s7wlkrhy0m0000gn/T/XcodeDistPipeline.~~~LaR68w/Packages/LotusPlannerV3.ipa'
2025-10-24 22:48:37 +0000  >>> Copying /var/folders/yx/lqtn4wz90t9dk8s7wlkrhy0m0000gn/T/XcodeDistPipeline.~~~LaR68w/Root 
2025-10-24 22:48:37 +0000  copying file ./Payload/LotusPlannerV3.app/_CodeSignature/CodeResources ... 
2025-10-24 22:48:37 +0000  26721 bytes for ./Payload/LotusPlannerV3.app/_CodeSignature/CodeResources
2025-10-24 22:48:37 +0000  copying file ./Payload/LotusPlannerV3.app/GTMSessionFetcher_GTMSessionFetcherCore.bundle/PrivacyInfo.xcprivacy ... 
2025-10-24 22:48:37 +0000  598 bytes for ./Payload/LotusPlannerV3.app/GTMSessionFetcher_GTMSessionFetcherCore.bundle/PrivacyInfo.xcprivacy
2025-10-24 22:48:37 +0000  copying file ./Payload/LotusPlannerV3.app/GTMSessionFetcher_GTMSessionFetcherCore.bundle/Info.plist ... 
2025-10-24 22:48:37 +0000  726 bytes for ./Payload/LotusPlannerV3.app/GTMSessionFetcher_GTMSessionFetcherCore.bundle/Info.plist
2025-10-24 22:48:37 +0000  copying file ./Payload/LotusPlannerV3.app/GoogleSignIn_GoogleSignIn.bundle/de.lproj/GoogleSignIn.strings ... 
2025-10-24 22:48:37 +0000  1703 bytes for ./Payload/LotusPlannerV3.app/GoogleSignIn_GoogleSignIn.bundle/de.lproj/GoogleSignIn.strings
2025-10-24 22:48:37 +0000  copying file ./Payload/LotusPlannerV3.app/GoogleSignIn_GoogleSignIn.bundle/he.lproj/GoogleSignIn.strings ... 
2025-10-24 22:48:37 +0000  1780 bytes for ./Payload/LotusPlannerV3.app/GoogleSignIn_GoogleSignIn.bundle/he.lproj/GoogleSignIn.strings
2025-10-24 22:48:37 +0000  copying file ./Payload/LotusPlannerV3.app/GoogleSignIn_GoogleSignIn.bundle/ar.lproj/GoogleSignIn.strings ... 
2025-10-24 22:48:37 +0000  1759 bytes for ./Payload/LotusPlannerV3.app/GoogleSignIn_GoogleSignIn.bundle/ar.lproj/GoogleSignIn.strings
2025-10-24 22:48:37 +0000  copying file ./Payload/LotusPlannerV3.app/GoogleSignIn_GoogleSignIn.bundle/el.lproj/GoogleSignIn.strings ... 
2025-10-24 22:48:37 +0000  2103 bytes for ./Payload/LotusPlannerV3.app/GoogleSignIn_GoogleSignIn.bundle/el.lproj/GoogleSignIn.strings
2025-10-24 22:48:37 +0000  copying file ./Payload/LotusPlannerV3.app/GoogleSignIn_GoogleSignIn.bundle/ja.lproj/GoogleSignIn.strings ... 
2025-10-24 22:48:37 +0000  1711 bytes for ./Payload/LotusPlannerV3.app/GoogleSignIn_GoogleSignIn.bundle/ja.lproj/GoogleSignIn.strings
2025-10-24 22:48:37 +0000  copying file ./Payload/LotusPlannerV3.app/GoogleSignIn_GoogleSignIn.bundle/en.lproj/GoogleSignIn.strings ... 
2025-10-24 22:48:37 +0000  1547 bytes for ./Payload/LotusPlannerV3.app/GoogleSignIn_GoogleSignIn.bundle/en.lproj/GoogleSignIn.strings
2025-10-24 22:48:37 +0000  copying file ./Payload/LotusPlannerV3.app/GoogleSignIn_GoogleSignIn.bundle/uk.lproj/GoogleSignIn.strings ... 
2025-10-24 22:48:37 +0000  1864 bytes for ./Payload/LotusPlannerV3.app/GoogleSignIn_GoogleSignIn.bundle/uk.lproj/GoogleSignIn.strings
2025-10-24 22:48:37 +0000  copying file ./Payload/LotusPlannerV3.app/GoogleSignIn_GoogleSignIn.bundle/es_MX.lproj/GoogleSignIn.strings ... 
2025-10-24 22:48:37 +0000  1607 bytes for ./Payload/LotusPlannerV3.app/GoogleSignIn_GoogleSignIn.bundle/es_MX.lproj/GoogleSignIn.strings
2025-10-24 22:48:37 +0000  copying file ./Payload/LotusPlannerV3.app/GoogleSignIn_GoogleSignIn.bundle/zh_CN.lproj/GoogleSignIn.strings ... 
2025-10-24 22:48:37 +0000  1489 bytes for ./Payload/LotusPlannerV3.app/GoogleSignIn_GoogleSignIn.bundle/zh_CN.lproj/GoogleSignIn.strings
2025-10-24 22:48:37 +0000  copying file ./Payload/LotusPlannerV3.app/GoogleSignIn_GoogleSignIn.bundle/nb.lproj/GoogleSignIn.strings ... 
2025-10-24 22:48:37 +0000  1593 bytes for ./Payload/LotusPlannerV3.app/GoogleSignIn_GoogleSignIn.bundle/nb.lproj/GoogleSignIn.strings
2025-10-24 22:48:37 +0000  copying file ./Payload/LotusPlannerV3.app/GoogleSignIn_GoogleSignIn.bundle/es.lproj/GoogleSignIn.strings ... 
2025-10-24 22:48:37 +0000  1678 bytes for ./Payload/LotusPlannerV3.app/GoogleSignIn_GoogleSignIn.bundle/es.lproj/GoogleSignIn.strings
2025-10-24 22:48:37 +0000  copying file ./Payload/LotusPlannerV3.app/GoogleSignIn_GoogleSignIn.bundle/pt_BR.lproj/GoogleSignIn.strings ... 
2025-10-24 22:48:37 +0000  1608 bytes for ./Payload/LotusPlannerV3.app/GoogleSignIn_GoogleSignIn.bundle/pt_BR.lproj/GoogleSignIn.strings
2025-10-24 22:48:37 +0000  copying file ./Payload/LotusPlannerV3.app/GoogleSignIn_GoogleSignIn.bundle/da.lproj/GoogleSignIn.strings ... 
2025-10-24 22:48:37 +0000  1611 bytes for ./Payload/LotusPlannerV3.app/GoogleSignIn_GoogleSignIn.bundle/da.lproj/GoogleSignIn.strings
2025-10-24 22:48:37 +0000  copying file ./Payload/LotusPlannerV3.app/GoogleSignIn_GoogleSignIn.bundle/it.lproj/GoogleSignIn.strings ... 
2025-10-24 22:48:37 +0000  1570 bytes for ./Payload/LotusPlannerV3.app/GoogleSignIn_GoogleSignIn.bundle/it.lproj/GoogleSignIn.strings
2025-10-24 22:48:37 +0000  copying file ./Payload/LotusPlannerV3.app/GoogleSignIn_GoogleSignIn.bundle/sk.lproj/GoogleSignIn.strings ... 
2025-10-24 22:48:37 +0000  1665 bytes for ./Payload/LotusPlannerV3.app/GoogleSignIn_GoogleSignIn.bundle/sk.lproj/GoogleSignIn.strings
2025-10-24 22:48:37 +0000  copying file ./Payload/LotusPlannerV3.app/GoogleSignIn_GoogleSignIn.bundle/pt_PT.lproj/GoogleSignIn.strings ... 
2025-10-24 22:48:37 +0000  1646 bytes for ./Payload/LotusPlannerV3.app/GoogleSignIn_GoogleSignIn.bundle/pt_PT.lproj/GoogleSignIn.strings
2025-10-24 22:48:37 +0000  copying file ./Payload/LotusPlannerV3.app/GoogleSignIn_GoogleSignIn.bundle/google@3x.png ... 
2025-10-24 22:48:37 +0000  1622 bytes for ./Payload/LotusPlannerV3.app/GoogleSignIn_GoogleSignIn.bundle/google@3x.png
2025-10-24 22:48:37 +0000  copying file ./Payload/LotusPlannerV3.app/GoogleSignIn_GoogleSignIn.bundle/ms.lproj/GoogleSignIn.strings ... 
2025-10-24 22:48:37 +0000  1565 bytes for ./Payload/LotusPlannerV3.app/GoogleSignIn_GoogleSignIn.bundle/ms.lproj/GoogleSignIn.strings
2025-10-24 22:48:37 +0000  copying file ./Payload/LotusPlannerV3.app/GoogleSignIn_GoogleSignIn.bundle/sv.lproj/GoogleSignIn.strings ... 
2025-10-24 22:48:37 +0000  1579 bytes for ./Payload/LotusPlannerV3.app/GoogleSignIn_GoogleSignIn.bundle/sv.lproj/GoogleSignIn.strings
2025-10-24 22:48:37 +0000  copying file ./Payload/LotusPlannerV3.app/GoogleSignIn_GoogleSignIn.bundle/cs.lproj/GoogleSignIn.strings ... 
2025-10-24 22:48:37 +0000  1615 bytes for ./Payload/LotusPlannerV3.app/GoogleSignIn_GoogleSignIn.bundle/cs.lproj/GoogleSignIn.strings
2025-10-24 22:48:37 +0000  copying file ./Payload/LotusPlannerV3.app/GoogleSignIn_GoogleSignIn.bundle/google@2x.png ... 
2025-10-24 22:48:37 +0000  987 bytes for ./Payload/LotusPlannerV3.app/GoogleSignIn_GoogleSignIn.bundle/google@2x.png
2025-10-24 22:48:37 +0000  copying file ./Payload/LotusPlannerV3.app/GoogleSignIn_GoogleSignIn.bundle/ko.lproj/GoogleSignIn.strings ... 
2025-10-24 22:48:37 +0000  1634 bytes for ./Payload/LotusPlannerV3.app/GoogleSignIn_GoogleSignIn.bundle/ko.lproj/GoogleSignIn.strings
2025-10-24 22:48:37 +0000  copying file ./Payload/LotusPlannerV3.app/GoogleSignIn_GoogleSignIn.bundle/hu.lproj/GoogleSignIn.strings ... 
2025-10-24 22:48:37 +0000  1663 bytes for ./Payload/LotusPlannerV3.app/GoogleSignIn_GoogleSignIn.bundle/hu.lproj/GoogleSignIn.strings
2025-10-24 22:48:37 +0000  copying file ./Payload/LotusPlannerV3.app/GoogleSignIn_GoogleSignIn.bundle/tr.lproj/GoogleSignIn.strings ... 
2025-10-24 22:48:37 +0000  1596 bytes for ./Payload/LotusPlannerV3.app/GoogleSignIn_GoogleSignIn.bundle/tr.lproj/GoogleSignIn.strings
2025-10-24 22:48:37 +0000  copying file ./Payload/LotusPlannerV3.app/GoogleSignIn_GoogleSignIn.bundle/pl.lproj/GoogleSignIn.strings ... 
2025-10-24 22:48:37 +0000  1578 bytes for ./Payload/LotusPlannerV3.app/GoogleSignIn_GoogleSignIn.bundle/pl.lproj/GoogleSignIn.strings
2025-10-24 22:48:37 +0000  copying file ./Payload/LotusPlannerV3.app/GoogleSignIn_GoogleSignIn.bundle/zh_TW.lproj/GoogleSignIn.strings ... 
2025-10-24 22:48:37 +0000  1525 bytes for ./Payload/LotusPlannerV3.app/GoogleSignIn_GoogleSignIn.bundle/zh_TW.lproj/GoogleSignIn.strings
2025-10-24 22:48:37 +0000  copying file ./Payload/LotusPlannerV3.app/GoogleSignIn_GoogleSignIn.bundle/en_GB.lproj/GoogleSignIn.strings ... 
2025-10-24 22:48:37 +0000  1547 bytes for ./Payload/LotusPlannerV3.app/GoogleSignIn_GoogleSignIn.bundle/en_GB.lproj/GoogleSignIn.strings
2025-10-24 22:48:37 +0000  copying file ./Payload/LotusPlannerV3.app/GoogleSignIn_GoogleSignIn.bundle/vi.lproj/GoogleSignIn.strings ... 
2025-10-24 22:48:37 +0000  1717 bytes for ./Payload/LotusPlannerV3.app/GoogleSignIn_GoogleSignIn.bundle/vi.lproj/GoogleSignIn.strings
2025-10-24 22:48:37 +0000  copying file ./Payload/LotusPlannerV3.app/GoogleSignIn_GoogleSignIn.bundle/PrivacyInfo.xcprivacy ... 
2025-10-24 22:48:37 +0000  3756 bytes for ./Payload/LotusPlannerV3.app/GoogleSignIn_GoogleSignIn.bundle/PrivacyInfo.xcprivacy
2025-10-24 22:48:37 +0000  copying file ./Payload/LotusPlannerV3.app/GoogleSignIn_GoogleSignIn.bundle/ru.lproj/GoogleSignIn.strings ... 
2025-10-24 22:48:37 +0000  1954 bytes for ./Payload/LotusPlannerV3.app/GoogleSignIn_GoogleSignIn.bundle/ru.lproj/GoogleSignIn.strings
2025-10-24 22:48:37 +0000  copying file ./Payload/LotusPlannerV3.app/GoogleSignIn_GoogleSignIn.bundle/fr_CA.lproj/GoogleSignIn.strings ... 
2025-10-24 22:48:37 +0000  1657 bytes for ./Payload/LotusPlannerV3.app/GoogleSignIn_GoogleSignIn.bundle/fr_CA.lproj/GoogleSignIn.strings
2025-10-24 22:48:37 +0000  copying file ./Payload/LotusPlannerV3.app/GoogleSignIn_GoogleSignIn.bundle/fr.lproj/GoogleSignIn.strings ... 
2025-10-24 22:48:37 +0000  1676 bytes for ./Payload/LotusPlannerV3.app/GoogleSignIn_GoogleSignIn.bundle/fr.lproj/GoogleSignIn.strings
2025-10-24 22:48:37 +0000  copying file ./Payload/LotusPlannerV3.app/GoogleSignIn_GoogleSignIn.bundle/fi.lproj/GoogleSignIn.strings ... 
2025-10-24 22:48:37 +0000  1640 bytes for ./Payload/LotusPlannerV3.app/GoogleSignIn_GoogleSignIn.bundle/fi.lproj/GoogleSignIn.strings
2025-10-24 22:48:37 +0000  copying file ./Payload/LotusPlannerV3.app/GoogleSignIn_GoogleSignIn.bundle/id.lproj/GoogleSignIn.strings ... 
2025-10-24 22:48:37 +0000  1553 bytes for ./Payload/LotusPlannerV3.app/GoogleSignIn_GoogleSignIn.bundle/id.lproj/GoogleSignIn.strings
2025-10-24 22:48:37 +0000  copying file ./Payload/LotusPlannerV3.app/GoogleSignIn_GoogleSignIn.bundle/nl.lproj/GoogleSignIn.strings ... 
2025-10-24 22:48:37 +0000  1606 bytes for ./Payload/LotusPlannerV3.app/GoogleSignIn_GoogleSignIn.bundle/nl.lproj/GoogleSignIn.strings
2025-10-24 22:48:37 +0000  copying file ./Payload/LotusPlannerV3.app/GoogleSignIn_GoogleSignIn.bundle/th.lproj/GoogleSignIn.strings ... 
2025-10-24 22:48:37 +0000  2133 bytes for ./Payload/LotusPlannerV3.app/GoogleSignIn_GoogleSignIn.bundle/th.lproj/GoogleSignIn.strings
2025-10-24 22:48:37 +0000  copying file ./Payload/LotusPlannerV3.app/GoogleSignIn_GoogleSignIn.bundle/pt.lproj/GoogleSignIn.strings ... 
2025-10-24 22:48:37 +0000  1608 bytes for ./Payload/LotusPlannerV3.app/GoogleSignIn_GoogleSignIn.bundle/pt.lproj/GoogleSignIn.strings
2025-10-24 22:48:37 +0000  copying file ./Payload/LotusPlannerV3.app/GoogleSignIn_GoogleSignIn.bundle/google.png ... 
2025-10-24 22:48:37 +0000  572 bytes for ./Payload/LotusPlannerV3.app/GoogleSignIn_GoogleSignIn.bundle/google.png
2025-10-24 22:48:37 +0000  copying file ./Payload/LotusPlannerV3.app/GoogleSignIn_GoogleSignIn.bundle/Roboto-Bold.ttf ... 
2025-10-24 22:48:37 +0000  127744 bytes for ./Payload/LotusPlannerV3.app/GoogleSignIn_GoogleSignIn.bundle/Roboto-Bold.ttf
2025-10-24 22:48:37 +0000  copying file ./Payload/LotusPlannerV3.app/GoogleSignIn_GoogleSignIn.bundle/ro.lproj/GoogleSignIn.strings ... 
2025-10-24 22:48:37 +0000  1598 bytes for ./Payload/LotusPlannerV3.app/GoogleSignIn_GoogleSignIn.bundle/ro.lproj/GoogleSignIn.strings
2025-10-24 22:48:37 +0000  copying file ./Payload/LotusPlannerV3.app/GoogleSignIn_GoogleSignIn.bundle/Info.plist ... 
2025-10-24 22:48:37 +0000  700 bytes for ./Payload/LotusPlannerV3.app/GoogleSignIn_GoogleSignIn.bundle/Info.plist
2025-10-24 22:48:37 +0000  copying file ./Payload/LotusPlannerV3.app/GoogleSignIn_GoogleSignIn.bundle/hr.lproj/GoogleSignIn.strings ... 
2025-10-24 22:48:37 +0000  1621 bytes for ./Payload/LotusPlannerV3.app/GoogleSignIn_GoogleSignIn.bundle/hr.lproj/GoogleSignIn.strings
2025-10-24 22:48:37 +0000  copying file ./Payload/LotusPlannerV3.app/GoogleSignIn_GoogleSignIn.bundle/hi.lproj/GoogleSignIn.strings ... 
2025-10-24 22:48:37 +0000  2286 bytes for ./Payload/LotusPlannerV3.app/GoogleSignIn_GoogleSignIn.bundle/hi.lproj/GoogleSignIn.strings
2025-10-24 22:48:37 +0000  copying file ./Payload/LotusPlannerV3.app/GoogleSignIn_GoogleSignIn.bundle/ca.lproj/GoogleSignIn.strings ... 
2025-10-24 22:48:37 +0000  1669 bytes for ./Payload/LotusPlannerV3.app/GoogleSignIn_GoogleSignIn.bundle/ca.lproj/GoogleSignIn.strings
2025-10-24 22:48:37 +0000  copying file ./Payload/LotusPlannerV3.app/LotusPlannerV3 ... 
2025-10-24 22:48:37 +0000  4559808 bytes for ./Payload/LotusPlannerV3.app/LotusPlannerV3
2025-10-24 22:48:37 +0000  copying file ./Payload/LotusPlannerV3.app/AppIcon60x60@2x.png ... 
2025-10-24 22:48:37 +0000  14521 bytes for ./Payload/LotusPlannerV3.app/AppIcon60x60@2x.png
2025-10-24 22:48:37 +0000  copying file ./Payload/LotusPlannerV3.app/GoogleService-Info-Template.plist ... 
2025-10-24 22:48:37 +0000  341 bytes for ./Payload/LotusPlannerV3.app/GoogleService-Info-Template.plist
2025-10-24 22:48:37 +0000  copying file ./Payload/LotusPlannerV3.app/AppAuth_AppAuth.bundle/PrivacyInfo.xcprivacy ... 
2025-10-24 22:48:37 +0000  391 bytes for ./Payload/LotusPlannerV3.app/AppAuth_AppAuth.bundle/PrivacyInfo.xcprivacy
copying file ./Payload/LotusPlannerV3.app/AppAuth_AppAuth.bundle/Info.plist ... 
2025-10-24 22:48:37 +0000  680 bytes for ./Payload/LotusPlannerV3.app/AppAuth_AppAuth.bundle/Info.plist
2025-10-24 22:48:37 +0000  copying file ./Payload/LotusPlannerV3.app/GoogleUtilities_GoogleUtilities-Logger.bundle/PrivacyInfo.xcprivacy ... 
2025-10-24 22:48:37 +0000  478 bytes for ./Payload/LotusPlannerV3.app/GoogleUtilities_GoogleUtilities-Logger.bundle/PrivacyInfo.xcprivacy
2025-10-24 22:48:37 +0000  copying file ./Payload/LotusPlannerV3.app/GoogleUtilities_GoogleUtilities-Logger.bundle/Info.plist ... 
2025-10-24 22:48:37 +0000  722 bytes for ./Payload/LotusPlannerV3.app/GoogleUtilities_GoogleUtilities-Logger.bundle/Info.plist
2025-10-24 22:48:37 +0000  copying file ./Payload/LotusPlannerV3.app/AppAuth_AppAuthCore.bundle/PrivacyInfo.xcprivacy ... 
2025-10-24 22:48:37 +0000  391 bytes for ./Payload/LotusPlannerV3.app/AppAuth_AppAuthCore.bundle/PrivacyInfo.xcprivacy
2025-10-24 22:48:37 +0000  copying file ./Payload/LotusPlannerV3.app/AppAuth_AppAuthCore.bundle/Info.plist ... 
2025-10-24 22:48:37 +0000  688 bytes for ./Payload/LotusPlannerV3.app/AppAuth_AppAuthCore.bundle/Info.plist
2025-10-24 22:48:37 +0000  copying file ./Payload/LotusPlannerV3.app/LotusPlannerV3.momd/VersionInfo.plist ... 
2025-10-24 22:48:37 +0000  700 bytes for ./Payload/LotusPlannerV3.app/LotusPlannerV3.momd/VersionInfo.plist
2025-10-24 22:48:37 +0000  copying file ./Payload/LotusPlannerV3.app/LotusPlannerV3.momd/LotusPlannerV3.mom ... 
2025-10-24 22:48:37 +0000  7754 bytes for ./Payload/LotusPlannerV3.app/LotusPlannerV3.momd/LotusPlannerV3.mom
2025-10-24 22:48:37 +0000  copying file ./Payload/LotusPlannerV3.app/LotusPlannerV3.momd/LotusPlannerV3.omo ... 
2025-10-24 22:48:37 +0000  17128 bytes for ./Payload/LotusPlannerV3.app/LotusPlannerV3.momd/LotusPlannerV3.omo
2025-10-24 22:48:37 +0000  copying file ./Payload/LotusPlannerV3.app/Promises_FBLPromises.bundle/PrivacyInfo.xcprivacy ... 
2025-10-24 22:48:37 +0000  373 bytes for ./Payload/LotusPlannerV3.app/Promises_FBLPromises.bundle/PrivacyInfo.xcprivacy
2025-10-24 22:48:37 +0000  copying file ./Payload/LotusPlannerV3.app/Promises_FBLPromises.bundle/Info.plist ... 
2025-10-24 22:48:37 +0000  686 bytes for ./Payload/LotusPlannerV3.app/Promises_FBLPromises.bundle/Info.plist
copying file ./Payload/LotusPlannerV3.app/Assets.car ... 
2025-10-24 22:48:38 +0000  7256392 bytes for ./Payload/LotusPlannerV3.app/Assets.car
2025-10-24 22:48:38 +0000  copying file ./Payload/LotusPlannerV3.app/AppIcon76x76@2x~ipad.png ... 
2025-10-24 22:48:38 +0000  21235 bytes for ./Payload/LotusPlannerV3.app/AppIcon76x76@2x~ipad.png
2025-10-24 22:48:38 +0000  copying file ./Payload/LotusPlannerV3.app/GoogleUtilities_GoogleUtilities-UserDefaults.bundle/PrivacyInfo.xcprivacy ... 
2025-10-24 22:48:38 +0000  911 bytes for ./Payload/LotusPlannerV3.app/GoogleUtilities_GoogleUtilities-UserDefaults.bundle/PrivacyInfo.xcprivacy
2025-10-24 22:48:38 +0000  copying file ./Payload/LotusPlannerV3.app/GoogleUtilities_GoogleUtilities-UserDefaults.bundle/Info.plist ... 
2025-10-24 22:48:38 +0000  734 bytes for ./Payload/LotusPlannerV3.app/GoogleUtilities_GoogleUtilities-UserDefaults.bundle/Info.plist
2025-10-24 22:48:38 +0000  copying file ./Payload/LotusPlannerV3.app/GoogleUtilities_GoogleUtilities-Environment.bundle/PrivacyInfo.xcprivacy ... 
2025-10-24 22:48:38 +0000  855 bytes for ./Payload/LotusPlannerV3.app/GoogleUtilities_GoogleUtilities-Environment.bundle/PrivacyInfo.xcprivacy
2025-10-24 22:48:38 +0000  copying file ./Payload/LotusPlannerV3.app/GoogleUtilities_GoogleUtilities-Environment.bundle/Info.plist ... 
732 bytes for ./Payload/LotusPlannerV3.app/GoogleUtilities_GoogleUtilities-Environment.bundle/Info.plist
copying file ./Payload/LotusPlannerV3.app/embedded.mobileprovision ... 
2025-10-24 22:48:38 +0000  16819 bytes for ./Payload/LotusPlannerV3.app/embedded.mobileprovision
copying file ./Payload/LotusPlannerV3.app/Info.plist ... 
2025-10-24 22:48:38 +0000  2168 bytes for ./Payload/LotusPlannerV3.app/Info.plist
2025-10-24 22:48:38 +0000  copying file ./Payload/LotusPlannerV3.app/GTMAppAuth_GTMAppAuth.bundle/PrivacyInfo.xcprivacy ... 
373 bytes for ./Payload/LotusPlannerV3.app/GTMAppAuth_GTMAppAuth.bundle/PrivacyInfo.xcprivacy
2025-10-24 22:48:38 +0000  copying file ./Payload/LotusPlannerV3.app/GTMAppAuth_GTMAppAuth.bundle/Info.plist ... 
2025-10-24 22:48:38 +0000  688 bytes for ./Payload/LotusPlannerV3.app/GTMAppAuth_GTMAppAuth.bundle/Info.plist
2025-10-24 22:48:38 +0000  copying file ./Payload/LotusPlannerV3.app/PkgInfo ... 
2025-10-24 22:48:38 +0000  8 bytes for ./Payload/LotusPlannerV3.app/PkgInfo
2025-10-24 22:48:38 +0000  copying file ./Payload/LotusPlannerV3.app/GoogleSignIn_GoogleSignInSwift.bundle/PrivacyInfo.xcprivacy ... 
2025-10-24 22:48:38 +0000  373 bytes for ./Payload/LotusPlannerV3.app/GoogleSignIn_GoogleSignInSwift.bundle/PrivacyInfo.xcprivacy
2025-10-24 22:48:38 +0000  copying file ./Payload/LotusPlannerV3.app/GoogleSignIn_GoogleSignInSwift.bundle/Info.plist ... 
710 bytes for ./Payload/LotusPlannerV3.app/GoogleSignIn_GoogleSignInSwift.bundle/Info.plist
2025-10-24 22:48:38 +0000 [MT] /usr/bin/ditto exited with 0
2025-10-24 22:48:38 +0000 [MT] Processing step: IDEDistributionAppStoreInformationStep
2025-10-24 22:48:38 +0000 [MT] Skipping step: IDEDistributionAppStoreInformationStep because it said so
2025-10-24 22:48:38 +0000 [MT] Processing step: IDEDistributionGenerateProcessedDistributionItems
2025-10-24 22:48:38 +0000 [MT] IDEDistributionItem init <DVTFilePath:0xba63cc850:'/var/folders/yx/lqtn4wz90t9dk8s7wlkrhy0m0000gn/T/XcodeDistPipeline.~~~LaR68w/Root/Payload/LotusPlannerV3.app'>
2025-10-24 22:48:38 +0000 [MT] Processing step: IDEDistributionCreateManifestStep
